Base path: /Applications/Unity/Unity.app/Contents
Pipe name: \\.\pipe\UnityShaderCompiler-64bit-1-2015961856
Cmd: getPlatforms
Cmd: preprocess
  insize=1664 outsize=446 ok=1
Cmd: compileSnippet
  api=0 type=0 insize=1517 outsize=491 kw= ok=1
Cmd: compileSnippet
  api=0 type=1 insize=1517 outsize=6 kw= ok=1
Cmd: preprocess
  insize=1677 outsize=459 ok=1
Cmd: preprocess
  insize=1514 outsize=431 ok=1
Cmd: compileSnippet
  api=0 type=0 insize=1385 outsize=491 kw= ok=1
Cmd: compileSnippet
  api=0 type=1 insize=1385 outsize=6 kw= ok=1
Cmd: preprocess
  insize=1351 outsize=431 ok=1
Cmd: compileSnippet
  api=0 type=0 insize=1222 outsize=491 kw= ok=1
Cmd: compileSnippet
  api=0 type=1 insize=1222 outsize=6 kw= ok=1
